[www.tiagocoffee.com/index.html]
[backblue.gif]
[fade.gif]
[index.html]
[www.tiagocoffee.com/welcomea409]
[www.tiagocoffee.com/cart.html]
[www.tiagocoffee.com/search.html]
[www.tiagocoffee.com/store.html]
[www.tiagocoffee.com/index.html]
[www.tiagocoffee.com/assets/ui-icons.svg]
[www.tiagocoffee.com/cart.html]
[www.tiagocoffee.com/search.html]
[www.tiagocoffee.com/storea82a.html]
[www.tiagocoffee.com/store46ef.html]
[www.tiagocoffee.com/store424c.html]
[www.tiagocoffee.com/store8f6d.html]
[www.tiagocoffee.com/store/go-smile.html]
[www.tiagocoffee.com/store/smile.html]
[www.tiagocoffee.com/store/smile-8c9lm.html]
[www.tiagocoffee.com/store/smile-tiago-coral.html]
[www.tiagocoffee.com/store/smile-tiago-white.html]
[www.tiagocoffee.com/store.html]
[www.tiagocoffee.com/storea82a.html]
[www.tiagocoffee.com/store46ef.html]
[www.tiagocoffee.com/store424c.html]
[www.tiagocoffee.com/store8f6d.html]
[www.tiagocoffee.com/store/kalita-185-coffee-filter.html]
[www.tiagocoffee.com/store/go-smile.html]
[www.tiagocoffee.com/store/smile.html]
[www.tiagocoffee.com/store/smile-8c9lm.html]
[www.tiagocoffee.com/store/smile-tiago-coral.html]
[www.tiagocoffee.com/store/smile-tiago-white.html]
[www.tiagocoffee.com/store/kalita-185-coffee-filter.html]
[www.tiagocoffee.com/universal/svg/social-accounts.svg]
